<?xml version="1.0" encoding="UTF-8"?>
<!-- Generated by org.testng.reporters.JUnitXMLReporter -->
<testsuite ignored="3" hostname="DESKTOP-HBPLV5H" failures="0" tests="1" name="Default test" time="30.503" errors="0" timestamp="2023-01-14T15:35:16 IST">
  <testcase classname="com.carwaletest.UserAccount" name="SelectCar" time="23.357"/>
  <testcase classname="com.carwaletest.UserAccount" name="changePass" time="0.0">
    <ignored/>
  </testcase> <!-- changePass -->
  <testcase classname="com.carwaletest.UserAccount" name="SelectLocation" time="0.0">
    <ignored/>
  </testcase> <!-- SelectLocation -->
  <testcase classname="com.carwaletest.UserAccount" name="login" time="0.0">
    <ignored/>
  </testcase> <!-- login -->
</testsuite> <!-- Default test -->
