<?xml version="1.0" encoding="UTF-8"?>
<testng-results ignored="3" total="4" passed="1" failed="0" skipped="0">
  <reporter-output>
  </reporter-output>
  <suite started-at="2023-01-14T15:34:46 IST" name="Default suite" finished-at="2023-01-14T15:35:16 IST" duration-ms="30503">
    <groups>
    </groups>
    <test started-at="2023-01-14T15:34:46 IST" name="Default test" finished-at="2023-01-14T15:35:16 IST" duration-ms="30503">
      <class name="com.carwaletest.UserAccount">
        <test-method is-config="true" signature="openBrowser()[pri:0, instance:com.carwaletest.UserAccount@3f6b0be5]" started-at="2023-01-14T15:34:46 IST" name="openBrowser" finished-at="2023-01-14T15:34:52 IST" duration-ms="6191" status="PASS">
          <reporter-output>
          </reporter-output>
        </test-method> <!-- openBrowser -->
        <test-method signature="SelectCar()[pri:0, instance:com.carwaletest.UserAccount@3f6b0be5]" started-at="2023-01-14T15:34:52 IST" name="SelectCar" description="Low to high price cars selected" finished-at="2023-01-14T15:35:15 IST" duration-ms="23357" status="PASS">
          <reporter-output>
          </reporter-output>
        </test-method> <!-- SelectCar -->
        <test-method is-config="true" signature="closeBrowser()[pri:0, instance:com.carwaletest.UserAccount@3f6b0be5]" started-at="2023-01-14T15:35:15 IST" name="closeBrowser" finished-at="2023-01-14T15:35:16 IST" duration-ms="907" status="PASS">
          <reporter-output>
          </reporter-output>
        </test-method> <!-- closeBrowser -->
      </class> <!-- com.carwaletest.UserAccount -->
    </test> <!-- Default test -->
  </suite> <!-- Default suite -->
</testng-results>
